Performing C SOURCE FILE Test CMAKE_HAVE_LIBC_PTHREAD failed with the following output:
Change Dir: /home/nte/CLionProjects/SGL/cmake-build-debug/CMakeFiles/CMakeTmp

Run Build Command(s):/usr/bin/make cmTC_bf12d/fast && /usr/bin/make  -f CMakeFiles/cmTC_bf12d.dir/build.make CMakeFiles/cmTC_bf12d.dir/build
make[1]: Entering directory '/home/nte/CLionProjects/SGL/cmake-build-debug/CMakeFiles/CMakeTmp'
Building C object CMakeFiles/cmTC_bf12d.dir/src.c.o
/home/nte/crosscompile/gcc-linaro-7.5.0-2019.12-x86_64_arm-linux-gnueabihf/bin/arm-linux-gnueabihf-gcc --sysroot=/home/nte/crosscompile/sysroot-glibc-linaro-2.25-2019.12-arm-linux-gnueabihf -DCMAKE_HAVE_LIBC_PTHREAD   -o CMakeFiles/cmTC_bf12d.dir/src.c.o -c /home/nte/CLionProjects/SGL/cmake-build-debug/CMakeFiles/CMakeTmp/src.c
Linking C executable cmTC_bf12d
/home/nte/clion-2021.1.2/bin/cmake/linux/bin/cmake -E cmake_link_script CMakeFiles/cmTC_bf12d.dir/link.txt --verbose=1
/home/nte/crosscompile/gcc-linaro-7.5.0-2019.12-x86_64_arm-linux-gnueabihf/bin/arm-linux-gnueabihf-gcc --sysroot=/home/nte/crosscompile/sysroot-glibc-linaro-2.25-2019.12-arm-linux-gnueabihf -rdynamic CMakeFiles/cmTC_bf12d.dir/src.c.o -o cmTC_bf12d 
CMakeFiles/cmTC_bf12d.dir/src.c.o: In function `main':
src.c:(.text+0x2a): undefined reference to `pthread_create'
src.c:(.text+0x32): undefined reference to `pthread_detach'
src.c:(.text+0x3a): undefined reference to `pthread_cancel'
src.c:(.text+0x44): undefined reference to `pthread_join'
src.c:(.text+0x4e): undefined reference to `pthread_atfork'
collect2: error: ld returned 1 exit status
make[1]: *** [CMakeFiles/cmTC_bf12d.dir/build.make:106: cmTC_bf12d] Error 1
make[1]: Leaving directory '/home/nte/CLionProjects/SGL/cmake-build-debug/CMakeFiles/CMakeTmp'
make: *** [Makefile:140: cmTC_bf12d/fast] Error 2


Source file was:
#include <pthread.h>

static void* test_func(void* data)
{
  return data;
}

int main(void)
{
  pthread_t thread;
  pthread_create(&thread, NULL, test_func, NULL);
  pthread_detach(thread);
  pthread_cancel(thread);
  pthread_join(thread, NULL);
  pthread_atfork(NULL, NULL, NULL);
  pthread_exit(NULL);

  return 0;
}

Determining if the function pthread_create exists in the pthreads failed with the following output:
Change Dir: /home/nte/CLionProjects/SGL/cmake-build-debug/CMakeFiles/CMakeTmp

Run Build Command(s):/usr/bin/make cmTC_fa253/fast && /usr/bin/make  -f CMakeFiles/cmTC_fa253.dir/build.make CMakeFiles/cmTC_fa253.dir/build
make[1]: Entering directory '/home/nte/CLionProjects/SGL/cmake-build-debug/CMakeFiles/CMakeTmp'
Building C object CMakeFiles/cmTC_fa253.dir/CheckFunctionExists.c.o
/home/nte/crosscompile/gcc-linaro-7.5.0-2019.12-x86_64_arm-linux-gnueabihf/bin/arm-linux-gnueabihf-gcc --sysroot=/home/nte/crosscompile/sysroot-glibc-linaro-2.25-2019.12-arm-linux-gnueabihf   -DCHECK_FUNCTION_EXISTS=pthread_create -o CMakeFiles/cmTC_fa253.dir/CheckFunctionExists.c.o -c /home/nte/clion-2021.1.2/bin/cmake/linux/share/cmake-3.19/Modules/CheckFunctionExists.c
Linking C executable cmTC_fa253
/home/nte/clion-2021.1.2/bin/cmake/linux/bin/cmake -E cmake_link_script CMakeFiles/cmTC_fa253.dir/link.txt --verbose=1
/home/nte/crosscompile/gcc-linaro-7.5.0-2019.12-x86_64_arm-linux-gnueabihf/bin/arm-linux-gnueabihf-gcc --sysroot=/home/nte/crosscompile/sysroot-glibc-linaro-2.25-2019.12-arm-linux-gnueabihf  -DCHECK_FUNCTION_EXISTS=pthread_create -rdynamic CMakeFiles/cmTC_fa253.dir/CheckFunctionExists.c.o -o cmTC_fa253  -lpthreads 
/home/nte/crosscompile/gcc-linaro-7.5.0-2019.12-x86_64_arm-linux-gnueabihf/bin/../lib/gcc/arm-linux-gnueabihf/7.5.0/../../../../arm-linux-gnueabihf/bin/ld: cannot find -lpthreads
collect2: error: ld returned 1 exit status
make[1]: *** [CMakeFiles/cmTC_fa253.dir/build.make:106: cmTC_fa253] Error 1
make[1]: Leaving directory '/home/nte/CLionProjects/SGL/cmake-build-debug/CMakeFiles/CMakeTmp'
make: *** [Makefile:140: cmTC_fa253/fast] Error 2



